  [1m[35m (430.4ms)[0m  [1m[35mCREATE DATABASE "eighty-phrase-server_development" ENCODING = 'unicode'[0m
  ↳ bin/rails:9
  [1m[35m (339.4ms)[0m  [1m[35mCREATE DATABASE "eighty-phrase-server_test" ENCODING = 'unicode'[0m
  ↳ bin/rails:9
  [1m[35m (32.7ms)[0m  [1m[35mCREATE TABLE "schema_migrations" ("version" character varying NOT NULL PRIMARY KEY)[0m
  ↳ bin/rails:9
  [1m[35m (5.5ms)[0m  [1m[35mCREATE TABLE "ar_internal_metadata" ("key" character varying NOT NULL PRIMARY KEY, "value" character varying, "created_at" timestamp NOT NULL, "updated_at" timestamp NOT NULL)[0m
  ↳ bin/rails:9
  [1m[35m (0.6ms)[0m  [1m[34mSELECT pg_try_advisory_lock(758590595342046495)[0m
  ↳ bin/rails:9
  [1m[35m (1.5ms)[0m  [1m[34mSELECT "schema_migrations"."version" FROM "schema_migrations" ORDER BY "schema_migrations"."version" ASC[0m
  ↳ bin/rails:9
Migrating to CreateRooms (20190304133640)
  [1m[35m (0.2ms)[0m  [1m[35mBEGIN[0m
  ↳ bin/rails:9
  [1m[35m (8.4ms)[0m  [1m[35mCREATE TABLE "rooms" ("id" bigserial primary key, "created_at" timestamp NOT NULL, "updated_at" timestamp NOT NULL)[0m
  ↳ db/migrate/20190304133640_create_rooms.rb:3
  [1m[36mActiveRecord::SchemaMigration Create (0.9ms)[0m  [1m[32mINSERT INTO "schema_migrations" ("version") VALUES ($1) RETURNING "version"[0m  [["version", "20190304133640"]]
  ↳ bin/rails:9
  [1m[35m (0.5ms)[0m  [1m[35mCOMMIT[0m
  ↳ bin/rails:9
Migrating to CreateGames (20190304133824)
  [1m[35m (0.5ms)[0m  [1m[35mBEGIN[0m
  ↳ bin/rails:9
  [1m[35m (3.5ms)[0m  [1m[35mCREATE TABLE "games" ("id" bigserial primary key, "room_id" integer, "started" boolean, "created_at" timestamp NOT NULL, "updated_at" timestamp NOT NULL)[0m
  ↳ db/migrate/20190304133824_create_games.rb:3
  [1m[36mActiveRecord::SchemaMigration Create (0.4ms)[0m  [1m[32mINSERT INTO "schema_migrations" ("version") VALUES ($1) RETURNING "version"[0m  [["version", "20190304133824"]]
  ↳ bin/rails:9
  [1m[35m (0.5ms)[0m  [1m[35mCOMMIT[0m
  ↳ bin/rails:9
Migrating to CreateRounds (20190304134520)
  [1m[35m (0.4ms)[0m  [1m[35mBEGIN[0m
  ↳ bin/rails:9
  [1m[35m (3.4ms)[0m  [1m[35mCREATE TABLE "rounds" ("id" bigserial primary key, "question_id" integer, "game_id" integer, "created_at" timestamp NOT NULL, "updated_at" timestamp NOT NULL)[0m
  ↳ db/migrate/20190304134520_create_rounds.rb:3
  [1m[36mActiveRecord::SchemaMigration Create (0.6ms)[0m  [1m[32mINSERT INTO "schema_migrations" ("version") VALUES ($1) RETURNING "version"[0m  [["version", "20190304134520"]]
  ↳ bin/rails:9
  [1m[35m (0.5ms)[0m  [1m[35mCOMMIT[0m
  ↳ bin/rails:9
Migrating to CreateUsers (20190304134644)
  [1m[35m (0.4ms)[0m  [1m[35mBEGIN[0m
  ↳ bin/rails:9
  [1m[35m (5.1ms)[0m  [1m[35mCREATE TABLE "users" ("id" bigserial primary key, "admin" boolean, "name" character varying, "game_id" integer, "score" integer, "created_at" timestamp NOT NULL, "updated_at" timestamp NOT NULL)[0m
  ↳ db/migrate/20190304134644_create_users.rb:3
  [1m[36mActiveRecord::SchemaMigration Create (0.4ms)[0m  [1m[32mINSERT INTO "schema_migrations" ("version") VALUES ($1) RETURNING "version"[0m  [["version", "20190304134644"]]
  ↳ bin/rails:9
  [1m[35m (0.7ms)[0m  [1m[35mCOMMIT[0m
  ↳ bin/rails:9
Migrating to CreateQuestions (20190304134845)
  [1m[35m (0.6ms)[0m  [1m[35mBEGIN[0m
  ↳ bin/rails:9
  [1m[35m (8.0ms)[0m  [1m[35mCREATE TABLE "questions" ("id" bigserial primary key, "round_id" integer, "content" character varying, "answer" character varying, "fake_answer" character varying, "country_id" integer, "created_at" timestamp NOT NULL, "updated_at" timestamp NOT NULL)[0m
  ↳ db/migrate/20190304134845_create_questions.rb:3
  [1m[36mActiveRecord::SchemaMigration Create (0.4ms)[0m  [1m[32mINSERT INTO "schema_migrations" ("version") VALUES ($1) RETURNING "version"[0m  [["version", "20190304134845"]]
  ↳ bin/rails:9
  [1m[35m (0.5ms)[0m  [1m[35mCOMMIT[0m
  ↳ bin/rails:9
Migrating to CreateCountries (20190304134901)
  [1m[35m (0.4ms)[0m  [1m[35mBEGIN[0m
  ↳ bin/rails:9
  [1m[35m (5.6ms)[0m  [1m[35mCREATE TABLE "countries" ("id" bigserial primary key, "name" character varying, "img_url" character varying, "created_at" timestamp NOT NULL, "updated_at" timestamp NOT NULL)[0m
  ↳ db/migrate/20190304134901_create_countries.rb:3
  [1m[36mActiveRecord::SchemaMigration Create (0.4ms)[0m  [1m[32mINSERT INTO "schema_migrations" ("version") VALUES ($1) RETURNING "version"[0m  [["version", "20190304134901"]]
  ↳ bin/rails:9
  [1m[35m (0.6ms)[0m  [1m[35mCOMMIT[0m
  ↳ bin/rails:9
Migrating to CreateResponses (20190304134943)
  [1m[35m (0.3ms)[0m  [1m[35mBEGIN[0m
  ↳ bin/rails:9
  [1m[35m (3.5ms)[0m  [1m[35mCREATE TABLE "responses" ("id" bigserial primary key, "user_id" integer, "round_id" integer, "created_at" timestamp NOT NULL, "updated_at" timestamp NOT NULL)[0m
  ↳ db/migrate/20190304134943_create_responses.rb:3
  [1m[36mActiveRecord::SchemaMigration Create (0.3ms)[0m  [1m[32mINSERT INTO "schema_migrations" ("version") VALUES ($1) RETURNING "version"[0m  [["version", "20190304134943"]]
  ↳ bin/rails:9
  [1m[35m (0.5ms)[0m  [1m[35mCOMMIT[0m
  ↳ bin/rails:9
Migrating to CreateVotes (20190304135010)
  [1m[35m (0.3ms)[0m  [1m[35mBEGIN[0m
  ↳ bin/rails:9
  [1m[35m (4.2ms)[0m  [1m[35mCREATE TABLE "votes" ("id" bigserial primary key, "user_id" integer, "response_id" integer, "created_at" timestamp NOT NULL, "updated_at" timestamp NOT NULL)[0m
  ↳ db/migrate/20190304135010_create_votes.rb:3
  [1m[36mActiveRecord::SchemaMigration Create (0.6ms)[0m  [1m[32mINSERT INTO "schema_migrations" ("version") VALUES ($1) RETURNING "version"[0m  [["version", "20190304135010"]]
  ↳ bin/rails:9
  [1m[35m (0.6ms)[0m  [1m[35mCOMMIT[0m
  ↳ bin/rails:9
Migrating to CreateGameevents (20190304135238)
  [1m[35m (0.5ms)[0m  [1m[35mBEGIN[0m
  ↳ bin/rails:9
  [1m[35m (5.0ms)[0m  [1m[35mCREATE TABLE "gameevents" ("id" bigserial primary key, "name" character varying, "round_id" character varying, "end_time" timestamp, "created_at" timestamp NOT NULL, "updated_at" timestamp NOT NULL)[0m
  ↳ db/migrate/20190304135238_create_gameevents.rb:3
  [1m[36mActiveRecord::SchemaMigration Create (0.5ms)[0m  [1m[32mINSERT INTO "schema_migrations" ("version") VALUES ($1) RETURNING "version"[0m  [["version", "20190304135238"]]
  ↳ bin/rails:9
  [1m[35m (0.6ms)[0m  [1m[35mCOMMIT[0m
  ↳ bin/rails:9
  [1m[36mActiveRecord::InternalMetadata Load (0.8ms)[0m  [1m[34mSELECT  "ar_internal_metadata".* FROM "ar_internal_metadata" WHERE "ar_internal_metadata"."key" = $1 LIMIT $2[0m  [["key", "environment"], ["LIMIT", 1]]
  ↳ bin/rails:9
  [1m[35m (0.3ms)[0m  [1m[35mBEGIN[0m
  ↳ bin/rails:9
  [1m[36mActiveRecord::InternalMetadata Create (0.7ms)[0m  [1m[32mINSERT INTO "ar_internal_metadata" ("key", "value", "created_at", "updated_at") VALUES ($1, $2, $3, $4) RETURNING "key"[0m  [["key", "environment"], ["value", "development"], ["created_at", "2019-03-04 14:07:49.780817"], ["updated_at", "2019-03-04 14:07:49.780817"]]
  ↳ bin/rails:9
  [1m[35m (0.5ms)[0m  [1m[35mCOMMIT[0m
  ↳ bin/rails:9
  [1m[35m (0.3ms)[0m  [1m[34mSELECT pg_advisory_unlock(758590595342046495)[0m
  ↳ bin/rails:9
  [1m[35m (0.4ms)[0m  [1m[34mSELECT "schema_migrations"."version" FROM "schema_migrations" ORDER BY "schema_migrations"."version" ASC[0m
  ↳ bin/rails:9
  [1m[35m (0.3ms)[0m  [1m[34mSELECT pg_try_advisory_lock(758590595342046495)[0m
  ↳ bin/rails:9
  [1m[35m (1.0ms)[0m  [1m[34mSELECT "schema_migrations"."version" FROM "schema_migrations" ORDER BY "schema_migrations"."version" ASC[0m
  ↳ bin/rails:9
Migrating to RemoveRoundIdFromQuestions (20190304141713)
  [1m[35m (0.2ms)[0m  [1m[35mBEGIN[0m
  ↳ bin/rails:9
  [1m[35m (3.3ms)[0m  [1m[35mALTER TABLE "questions" DROP COLUMN "round_id"[0m
  ↳ db/migrate/20190304141713_remove_round_id_from_questions.rb:3
  [1m[36mActiveRecord::SchemaMigration Create (0.6ms)[0m  [1m[32mINSERT INTO "schema_migrations" ("version") VALUES ($1) RETURNING "version"[0m  [["version", "20190304141713"]]
  ↳ bin/rails:9
  [1m[35m (0.6ms)[0m  [1m[35mCOMMIT[0m
  ↳ bin/rails:9
  [1m[36mActiveRecord::InternalMetadata Load (7.7ms)[0m  [1m[34mSELECT  "ar_internal_metadata".* FROM "ar_internal_metadata" WHERE "ar_internal_metadata"."key" = $1 LIMIT $2[0m  [["key", "environment"], ["LIMIT", 1]]
  ↳ bin/rails:9
  [1m[35m (0.2ms)[0m  [1m[35mBEGIN[0m
  ↳ bin/rails:9
  [1m[35m (0.3ms)[0m  [1m[35mCOMMIT[0m
  ↳ bin/rails:9
  [1m[35m (0.4ms)[0m  [1m[34mSELECT pg_advisory_unlock(758590595342046495)[0m
  ↳ bin/rails:9
  [1m[35m (0.3ms)[0m  [1m[34mSELECT "schema_migrations"."version" FROM "schema_migrations" ORDER BY "schema_migrations"."version" ASC[0m
  ↳ bin/rails:9
  [1m[35m (1.4ms)[0m  [1m[34mSELECT "schema_migrations"."version" FROM "schema_migrations" ORDER BY "schema_migrations"."version" ASC[0m
  ↳ bin/rails:9
  [1m[36mCountry Load (2.7ms)[0m  [1m[34mSELECT "countries".* FROM "countries"[0m
  ↳ db/seeds.rb:1
  [1m[36mGame Load (1.6ms)[0m  [1m[34mSELECT "games".* FROM "games"[0m
  ↳ db/seeds.rb:2
  [1m[36mGameevent Load (2.3ms)[0m  [1m[34mSELECT "gameevents".* FROM "gameevents"[0m
  ↳ db/seeds.rb:3
  [1m[36mQuestion Load (1.6ms)[0m  [1m[34mSELECT "questions".* FROM "questions"[0m
  ↳ db/seeds.rb:4
  [1m[36mResponse Load (1.7ms)[0m  [1m[34mSELECT "responses".* FROM "responses"[0m
  ↳ db/seeds.rb:5
  [1m[35m (1.0ms)[0m  [1m[34mSELECT "schema_migrations"."version" FROM "schema_migrations" ORDER BY "schema_migrations"."version" ASC[0m
  ↳ bin/rails:9
  [1m[36mCountry Load (0.7ms)[0m  [1m[34mSELECT "countries".* FROM "countries"[0m
  ↳ db/seeds.rb:1
  [1m[36mGame Load (0.7ms)[0m  [1m[34mSELECT "games".* FROM "games"[0m
  ↳ db/seeds.rb:2
  [1m[36mGameevent Load (0.7ms)[0m  [1m[34mSELECT "gameevents".* FROM "gameevents"[0m
  ↳ db/seeds.rb:3
  [1m[36mQuestion Load (0.6ms)[0m  [1m[34mSELECT "questions".* FROM "questions"[0m
  ↳ db/seeds.rb:4
  [1m[36mResponse Load (0.6ms)[0m  [1m[34mSELECT "responses".* FROM "responses"[0m
  ↳ db/seeds.rb:5
  [1m[36mRoom Load (1.4ms)[0m  [1m[34mSELECT "rooms".* FROM "rooms"[0m
  ↳ db/seeds.rb:6
  [1m[36mRound Load (1.5ms)[0m  [1m[34mSELECT "rounds".* FROM "rounds"[0m
  ↳ db/seeds.rb:7
  [1m[36mUser Load (1.7ms)[0m  [1m[34mSELECT "users".* FROM "users"[0m
  ↳ db/seeds.rb:8
  [1m[36mVote Load (1.4ms)[0m  [1m[34mSELECT "votes".* FROM "votes"[0m
  ↳ db/seeds.rb:9
  [1m[35m (0.2ms)[0m  [1m[35mBEGIN[0m
  ↳ db/seeds.rb:11
  [1m[35m (0.3ms)[0m  [1m[31mROLLBACK[0m
  ↳ db/seeds.rb:11
  [1m[35m (0.2ms)[0m  [1m[35mBEGIN[0m
  ↳ db/seeds.rb:11
  [1m[35m (0.3ms)[0m  [1m[31mROLLBACK[0m
  ↳ db/seeds.rb:11
  [1m[35m (0.2ms)[0m  [1m[35mBEGIN[0m
  ↳ db/seeds.rb:11
  [1m[35m (0.2ms)[0m  [1m[31mROLLBACK[0m
  ↳ db/seeds.rb:11
  [1m[36mCountry Load (0.3ms)[0m  [1m[34mSELECT  "countries".* FROM "countries" ORDER BY "countries"."id" ASC LIMIT $1[0m  [["LIMIT", 1]]
  ↳ db/seeds.rb:18
  [1m[36mCountry Load (0.4ms)[0m  [1m[34mSELECT  "countries".* FROM "countries" ORDER BY "countries"."id" ASC LIMIT $1[0m  [["LIMIT", 1]]
  ↳ db/seeds.rb:19
  [1m[36mCountry Load (0.2ms)[0m  [1m[34mSELECT  "countries".* FROM "countries" ORDER BY "countries"."id" ASC LIMIT $1 OFFSET $2[0m  [["LIMIT", 1], ["OFFSET", 1]]
  ↳ db/seeds.rb:20
  [1m[36mCountry Load (0.2ms)[0m  [1m[34mSELECT  "countries".* FROM "countries" ORDER BY "countries"."id" ASC LIMIT $1 OFFSET $2[0m  [["LIMIT", 1], ["OFFSET", 1]]
  ↳ db/seeds.rb:21
  [1m[36mCountry Load (0.2ms)[0m  [1m[34mSELECT  "countries".* FROM "countries" ORDER BY "countries"."id" ASC LIMIT $1 OFFSET $2[0m  [["LIMIT", 1], ["OFFSET", 2]]
  ↳ db/seeds.rb:22
  [1m[36mCountry Load (0.3ms)[0m  [1m[34mSELECT  "countries".* FROM "countries" ORDER BY "countries"."id" ASC LIMIT $1 OFFSET $2[0m  [["LIMIT", 1], ["OFFSET", 2]]
  ↳ db/seeds.rb:23
  [1m[35m (1.3ms)[0m  [1m[34mSELECT "schema_migrations"."version" FROM "schema_migrations" ORDER BY "schema_migrations"."version" ASC[0m
  ↳ bin/rails:9
  [1m[36mCountry Load (0.8ms)[0m  [1m[34mSELECT "countries".* FROM "countries"[0m
  ↳ db/seeds.rb:1
  [1m[36mGame Load (0.7ms)[0m  [1m[34mSELECT "games".* FROM "games"[0m
  ↳ db/seeds.rb:2
  [1m[36mGameevent Load (0.6ms)[0m  [1m[34mSELECT "gameevents".* FROM "gameevents"[0m
  ↳ db/seeds.rb:3
  [1m[36mQuestion Load (0.6ms)[0m  [1m[34mSELECT "questions".* FROM "questions"[0m
  ↳ db/seeds.rb:4
  [1m[36mResponse Load (0.6ms)[0m  [1m[34mSELECT "responses".* FROM "responses"[0m
  ↳ db/seeds.rb:5
  [1m[36mRoom Load (0.6ms)[0m  [1m[34mSELECT "rooms".* FROM "rooms"[0m
  ↳ db/seeds.rb:6
  [1m[36mRound Load (0.6ms)[0m  [1m[34mSELECT "rounds".* FROM "rounds"[0m
  ↳ db/seeds.rb:7
  [1m[36mUser Load (0.6ms)[0m  [1m[34mSELECT "users".* FROM "users"[0m
  ↳ db/seeds.rb:8
  [1m[36mVote Load (0.6ms)[0m  [1m[34mSELECT "votes".* FROM "votes"[0m
  ↳ db/seeds.rb:9
  [1m[35m (0.3ms)[0m  [1m[35mBEGIN[0m
  ↳ db/seeds.rb:11
  [1m[36mCountry Create (1.1ms)[0m  [1m[32mINSERT INTO "countries" ("name", "img_url", "created_at", "updated_at") VALUES ($1, $2, $3, $4) RETURNING "id"[0m  [["name", "England"], ["img_url", "https://upload.wikimedia.org/wikipedia/en/thumb/b/be/Flag_of_England.svg/1200px-Flag_of_England.svg.png"], ["created_at", "2019-03-04 15:01:03.380050"], ["updated_at", "2019-03-04 15:01:03.380050"]]
  ↳ db/seeds.rb:11
  [1m[35m (0.5ms)[0m  [1m[35mCOMMIT[0m
  ↳ db/seeds.rb:11
  [1m[35m (0.1ms)[0m  [1m[35mBEGIN[0m
  ↳ db/seeds.rb:11
  [1m[36mCountry Create (0.4ms)[0m  [1m[32mINSERT INTO "countries" ("name", "img_url", "created_at", "updated_at") VALUES ($1, $2, $3, $4) RETURNING "id"[0m  [["name", "Wales"], ["img_url", "https://upload.wikimedia.org/wikipedia/commons/d/dc/Flag_of_Wales.svg"], ["created_at", "2019-03-04 15:01:03.385146"], ["updated_at", "2019-03-04 15:01:03.385146"]]
  ↳ db/seeds.rb:11
  [1m[35m (0.5ms)[0m  [1m[35mCOMMIT[0m
  ↳ db/seeds.rb:11
  [1m[35m (0.2ms)[0m  [1m[35mBEGIN[0m
  ↳ db/seeds.rb:11
  [1m[36mCountry Create (0.5ms)[0m  [1m[32mINSERT INTO "countries" ("name", "img_url", "created_at", "updated_at") VALUES ($1, $2, $3, $4) RETURNING "id"[0m  [["name", "Scotland"], ["img_url", "https://upload.wikimedia.org/wikipedia/commons/thumb/1/10/Flag_of_Scotland.svg/2000px-Flag_of_Scotland.svg.png"], ["created_at", "2019-03-04 15:01:03.388503"], ["updated_at", "2019-03-04 15:01:03.388503"]]
  ↳ db/seeds.rb:11
  [1m[35m (0.4ms)[0m  [1m[35mCOMMIT[0m
  ↳ db/seeds.rb:11
  [1m[36mCountry Load (0.4ms)[0m  [1m[34mSELECT  "countries".* FROM "countries" ORDER BY "countries"."id" ASC LIMIT $1[0m  [["LIMIT", 1]]
  ↳ db/seeds.rb:18
  [1m[36mCountry Load (0.5ms)[0m  [1m[34mSELECT  "countries".* FROM "countries" ORDER BY "countries"."id" ASC LIMIT $1[0m  [["LIMIT", 1]]
  ↳ db/seeds.rb:19
  [1m[36mCountry Load (0.3ms)[0m  [1m[34mSELECT  "countries".* FROM "countries" ORDER BY "countries"."id" ASC LIMIT $1 OFFSET $2[0m  [["LIMIT", 1], ["OFFSET", 1]]
  ↳ db/seeds.rb:20
  [1m[36mCountry Load (0.4ms)[0m  [1m[34mSELECT  "countries".* FROM "countries" ORDER BY "countries"."id" ASC LIMIT $1 OFFSET $2[0m  [["LIMIT", 1], ["OFFSET", 1]]
  ↳ db/seeds.rb:21
  [1m[36mCountry Load (0.3ms)[0m  [1m[34mSELECT  "countries".* FROM "countries" ORDER BY "countries"."id" ASC LIMIT $1 OFFSET $2[0m  [["LIMIT", 1], ["OFFSET", 2]]
  ↳ db/seeds.rb:22
  [1m[36mCountry Load (0.3ms)[0m  [1m[34mSELECT  "countries".* FROM "countries" ORDER BY "countries"."id" ASC LIMIT $1 OFFSET $2[0m  [["LIMIT", 1], ["OFFSET", 2]]
  ↳ db/seeds.rb:23
  [1m[35m (0.2ms)[0m  [1m[35mBEGIN[0m
  ↳ db/seeds.rb:17
  [1m[35m (0.2ms)[0m  [1m[31mROLLBACK[0m
  ↳ db/seeds.rb:17
  [1m[35m (0.1ms)[0m  [1m[35mBEGIN[0m
  ↳ db/seeds.rb:17
  [1m[35m (0.1ms)[0m  [1m[31mROLLBACK[0m
  ↳ db/seeds.rb:17
  [1m[35m (0.1ms)[0m  [1m[35mBEGIN[0m
  ↳ db/seeds.rb:17
  [1m[35m (0.1ms)[0m  [1m[31mROLLBACK[0m
  ↳ db/seeds.rb:17
  [1m[35m (0.1ms)[0m  [1m[35mBEGIN[0m
  ↳ db/seeds.rb:17
  [1m[35m (0.2ms)[0m  [1m[31mROLLBACK[0m
  ↳ db/seeds.rb:17
  [1m[35m (0.1ms)[0m  [1m[35mBEGIN[0m
  ↳ db/seeds.rb:17
  [1m[35m (0.1ms)[0m  [1m[31mROLLBACK[0m
  ↳ db/seeds.rb:17
  [1m[35m (0.1ms)[0m  [1m[35mBEGIN[0m
  ↳ db/seeds.rb:17
  [1m[35m (0.1ms)[0m  [1m[31mROLLBACK[0m
  ↳ db/seeds.rb:17
  [1m[35m (0.2ms)[0m  [1m[35mBEGIN[0m
  ↳ db/seeds.rb:26
  [1m[36mRoom Create (0.7ms)[0m  [1m[32mINSERT INTO "rooms" ("created_at", "updated_at") VALUES ($1, $2) RETURNING "id"[0m  [["created_at", "2019-03-04 15:01:03.448735"], ["updated_at", "2019-03-04 15:01:03.448735"]]
  ↳ db/seeds.rb:26
  [1m[35m (1.0ms)[0m  [1m[35mCOMMIT[0m
  ↳ db/seeds.rb:26
  [1m[36mRoom Load (0.3ms)[0m  [1m[34mSELECT  "rooms".* FROM "rooms" ORDER BY "rooms"."id" ASC LIMIT $1[0m  [["LIMIT", 1]]
  ↳ db/seeds.rb:28
  [1m[35m (0.2ms)[0m  [1m[35mBEGIN[0m
  ↳ db/seeds.rb:28
  [1m[36mGame Create (0.7ms)[0m  [1m[32mINSERT INTO "games" ("room_id", "started", "created_at", "updated_at") VALUES ($1, $2, $3, $4) RETURNING "id"[0m  [["room_id", 1], ["started", false], ["created_at", "2019-03-04 15:01:03.462304"], ["updated_at", "2019-03-04 15:01:03.462304"]]
  ↳ db/seeds.rb:28
  [1m[35m (0.5ms)[0m  [1m[35mCOMMIT[0m
  ↳ db/seeds.rb:28
  [1m[36mGame Load (0.4ms)[0m  [1m[34mSELECT  "games".* FROM "games" ORDER BY "games"."id" ASC LIMIT $1[0m  [["LIMIT", 1]]
  ↳ db/seeds.rb:31
  [1m[36mGame Load (0.3ms)[0m  [1m[34mSELECT  "games".* FROM "games" ORDER BY "games"."id" ASC LIMIT $1[0m  [["LIMIT", 1]]
  ↳ db/seeds.rb:32
  [1m[36mGame Load (0.3ms)[0m  [1m[34mSELECT  "games".* FROM "games" ORDER BY "games"."id" ASC LIMIT $1[0m  [["LIMIT", 1]]
  ↳ db/seeds.rb:33
  [1m[36mGame Load (0.3ms)[0m  [1m[34mSELECT  "games".* FROM "games" ORDER BY "games"."id" ASC LIMIT $1[0m  [["LIMIT", 1]]
  ↳ db/seeds.rb:34
  [1m[35m (0.2ms)[0m  [1m[35mBEGIN[0m
  ↳ db/seeds.rb:30
  [1m[36mUser Create (0.7ms)[0m  [1m[32mINSERT INTO "users" ("name", "game_id", "score", "created_at", "updated_at") VALUES ($1, $2, $3, $4, $5) RETURNING "id"[0m  [["name", "Chris"], ["game_id", 1], ["score", 0], ["created_at", "2019-03-04 15:01:03.480021"], ["updated_at", "2019-03-04 15:01:03.480021"]]
  ↳ db/seeds.rb:30
  [1m[35m (0.5ms)[0m  [1m[35mCOMMIT[0m
  ↳ db/seeds.rb:30
  [1m[35m (0.1ms)[0m  [1m[35mBEGIN[0m
  ↳ db/seeds.rb:30
  [1m[36mUser Create (0.4ms)[0m  [1m[32mINSERT INTO "users" ("name", "game_id", "score", "created_at", "updated_at") VALUES ($1, $2, $3, $4, $5) RETURNING "id"[0m  [["name", "Joey"], ["game_id", 1], ["score", 0], ["created_at", "2019-03-04 15:01:03.483113"], ["updated_at", "2019-03-04 15:01:03.483113"]]
  ↳ db/seeds.rb:30
  [1m[35m (0.4ms)[0m  [1m[35mCOMMIT[0m
  ↳ db/seeds.rb:30
  [1m[35m (0.1ms)[0m  [1m[35mBEGIN[0m
  ↳ db/seeds.rb:30
  [1m[36mUser Create (0.4ms)[0m  [1m[32mINSERT INTO "users" ("name", "game_id", "score", "created_at", "updated_at") VALUES ($1, $2, $3, $4, $5) RETURNING "id"[0m  [["name", "Shane"], ["game_id", 1], ["score", 0], ["created_at", "2019-03-04 15:01:03.485582"], ["updated_at", "2019-03-04 15:01:03.485582"]]
  ↳ db/seeds.rb:30
  [1m[35m (0.4ms)[0m  [1m[35mCOMMIT[0m
  ↳ db/seeds.rb:30
  [1m[35m (0.1ms)[0m  [1m[35mBEGIN[0m
  ↳ db/seeds.rb:30
  [1m[36mUser Create (0.3ms)[0m  [1m[32mINSERT INTO "users" ("name", "game_id", "score", "created_at", "updated_at") VALUES ($1, $2, $3, $4, $5) RETURNING "id"[0m  [["name", "Matt"], ["game_id", 1], ["score", 0], ["created_at", "2019-03-04 15:01:03.488072"], ["updated_at", "2019-03-04 15:01:03.488072"]]
  ↳ db/seeds.rb:30
  [1m[35m (0.4ms)[0m  [1m[35mCOMMIT[0m
  ↳ db/seeds.rb:30
  [1m[36mGame Load (0.4ms)[0m  [1m[34mSELECT  "games".* FROM "games" ORDER BY "games"."id" ASC LIMIT $1[0m  [["LIMIT", 1]]
  ↳ db/seeds.rb:37
  [1m[36mQuestion Load (0.3ms)[0m  [1m[34mSELECT  "questions".* FROM "questions" ORDER BY "questions"."id" ASC LIMIT $1[0m  [["LIMIT", 1]]
  ↳ db/seeds.rb:37
  [1m[35m (1.0ms)[0m  [1m[34mSELECT "schema_migrations"."version" FROM "schema_migrations" ORDER BY "schema_migrations"."version" ASC[0m
  ↳ bin/rails:9
  [1m[36mCountry Load (0.8ms)[0m  [1m[34mSELECT "countries".* FROM "countries"[0m
  ↳ db/seeds.rb:1
  [1m[35m (0.2ms)[0m  [1m[35mBEGIN[0m
  ↳ db/seeds.rb:1
  [1m[36mCountry Destroy (0.7ms)[0m  [1m[31mDELETE FROM "countries" WHERE "countries"."id" = $1[0m  [["id", 1]]
  ↳ db/seeds.rb:1
  [1m[35m (0.5ms)[0m  [1m[35mCOMMIT[0m
  ↳ db/seeds.rb:1
  [1m[35m (0.1ms)[0m  [1m[35mBEGIN[0m
  ↳ db/seeds.rb:1
  [1m[36mCountry Destroy (0.3ms)[0m  [1m[31mDELETE FROM "countries" WHERE "countries"."id" = $1[0m  [["id", 2]]
  ↳ db/seeds.rb:1
  [1m[35m (0.4ms)[0m  [1m[35mCOMMIT[0m
  ↳ db/seeds.rb:1
  [1m[35m (0.1ms)[0m  [1m[35mBEGIN[0m
  ↳ db/seeds.rb:1
  [1m[36mCountry Destroy (0.3ms)[0m  [1m[31mDELETE FROM "countries" WHERE "countries"."id" = $1[0m  [["id", 3]]
  ↳ db/seeds.rb:1
  [1m[35m (0.4ms)[0m  [1m[35mCOMMIT[0m
  ↳ db/seeds.rb:1
  [1m[36mGame Load (0.8ms)[0m  [1m[34mSELECT "games".* FROM "games"[0m
  ↳ db/seeds.rb:2
  [1m[35m (0.2ms)[0m  [1m[35mBEGIN[0m
  ↳ db/seeds.rb:2
  [1m[36mGame Destroy (0.4ms)[0m  [1m[31mDELETE FROM "games" WHERE "games"."id" = $1[0m  [["id", 1]]
  ↳ db/seeds.rb:2
  [1m[35m (0.5ms)[0m  [1m[35mCOMMIT[0m
  ↳ db/seeds.rb:2
  [1m[36mGameevent Load (0.7ms)[0m  [1m[34mSELECT "gameevents".* FROM "gameevents"[0m
  ↳ db/seeds.rb:3
  [1m[36mQuestion Load (0.9ms)[0m  [1m[34mSELECT "questions".* FROM "questions"[0m
  ↳ db/seeds.rb:4
  [1m[36mResponse Load (0.6ms)[0m  [1m[34mSELECT "responses".* FROM "responses"[0m
  ↳ db/seeds.rb:5
  [1m[36mRoom Load (0.6ms)[0m  [1m[34mSELECT "rooms".* FROM "rooms"[0m
  ↳ db/seeds.rb:6
  [1m[35m (0.2ms)[0m  [1m[35mBEGIN[0m
  ↳ db/seeds.rb:6
  [1m[36mRoom Destroy (0.4ms)[0m  [1m[31mDELETE FROM "rooms" WHERE "rooms"."id" = $1[0m  [["id", 1]]
  ↳ db/seeds.rb:6
  [1m[35m (0.5ms)[0m  [1m[35mCOMMIT[0m
  ↳ db/seeds.rb:6
  [1m[36mRound Load (0.7ms)[0m  [1m[34mSELECT "rounds".* FROM "rounds"[0m
  ↳ db/seeds.rb:7
  [1m[36mUser Load (0.7ms)[0m  [1m[34mSELECT "users".* FROM "users"[0m
  ↳ db/seeds.rb:8
  [1m[35m (0.2ms)[0m  [1m[35mBEGIN[0m
  ↳ db/seeds.rb:8
  [1m[36mUser Destroy (0.4ms)[0m  [1m[31mDELETE FROM "users" WHERE "users"."id" = $1[0m  [["id", 1]]
  ↳ db/seeds.rb:8
  [1m[35m (0.5ms)[0m  [1m[35mCOMMIT[0m
  ↳ db/seeds.rb:8
  [1m[35m (0.1ms)[0m  [1m[35mBEGIN[0m
  ↳ db/seeds.rb:8
  [1m[36mUser Destroy (0.3ms)[0m  [1m[31mDELETE FROM "users" WHERE "users"."id" = $1[0m  [["id", 2]]
  ↳ db/seeds.rb:8
  [1m[35m (0.4ms)[0m  [1m[35mCOMMIT[0m
  ↳ db/seeds.rb:8
  [1m[35m (0.1ms)[0m  [1m[35mBEGIN[0m
  ↳ db/seeds.rb:8
  [1m[36mUser Destroy (0.4ms)[0m  [1m[31mDELETE FROM "users" WHERE "users"."id" = $1[0m  [["id", 3]]
  ↳ db/seeds.rb:8
  [1m[35m (0.3ms)[0m  [1m[35mCOMMIT[0m
  ↳ db/seeds.rb:8
  [1m[35m (0.1ms)[0m  [1m[35mBEGIN[0m
  ↳ db/seeds.rb:8
  [1m[36mUser Destroy (0.3ms)[0m  [1m[31mDELETE FROM "users" WHERE "users"."id" = $1[0m  [["id", 4]]
  ↳ db/seeds.rb:8
  [1m[35m (0.5ms)[0m  [1m[35mCOMMIT[0m
  ↳ db/seeds.rb:8
  [1m[36mVote Load (0.7ms)[0m  [1m[34mSELECT "votes".* FROM "votes"[0m
  ↳ db/seeds.rb:9
  [1m[35m (0.1ms)[0m  [1m[35mBEGIN[0m
  ↳ db/seeds.rb:11
  [1m[36mCountry Create (0.5ms)[0m  [1m[32mINSERT INTO "countries" ("name", "img_url", "created_at", "updated_at") VALUES ($1, $2, $3, $4) RETURNING "id"[0m  [["name", "England"], ["img_url", "https://upload.wikimedia.org/wikipedia/en/thumb/b/be/Flag_of_England.svg/1200px-Flag_of_England.svg.png"], ["created_at", "2019-03-04 15:01:40.641702"], ["updated_at", "2019-03-04 15:01:40.641702"]]
  ↳ db/seeds.rb:11
  [1m[35m (0.4ms)[0m  [1m[35mCOMMIT[0m
  ↳ db/seeds.rb:11
  [1m[35m (0.1ms)[0m  [1m[35mBEGIN[0m
  ↳ db/seeds.rb:11
  [1m[36mCountry Create (0.4ms)[0m  [1m[32mINSERT INTO "countries" ("name", "img_url", "created_at", "updated_at") VALUES ($1, $2, $3, $4) RETURNING "id"[0m  [["name", "Wales"], ["img_url", "https://upload.wikimedia.org/wikipedia/commons/d/dc/Flag_of_Wales.svg"], ["created_at", "2019-03-04 15:01:40.644555"], ["updated_at", "2019-03-04 15:01:40.644555"]]
  ↳ db/seeds.rb:11
  [1m[35m (0.4ms)[0m  [1m[35mCOMMIT[0m
  ↳ db/seeds.rb:11
  [1m[35m (0.1ms)[0m  [1m[35mBEGIN[0m
  ↳ db/seeds.rb:11
  [1m[36mCountry Create (0.4ms)[0m  [1m[32mINSERT INTO "countries" ("name", "img_url", "created_at", "updated_at") VALUES ($1, $2, $3, $4) RETURNING "id"[0m  [["name", "Scotland"], ["img_url", "https://upload.wikimedia.org/wikipedia/commons/thumb/1/10/Flag_of_Scotland.svg/2000px-Flag_of_Scotland.svg.png"], ["created_at", "2019-03-04 15:01:40.647018"], ["updated_at", "2019-03-04 15:01:40.647018"]]
  ↳ db/seeds.rb:11
  [1m[35m (0.4ms)[0m  [1m[35mCOMMIT[0m
  ↳ db/seeds.rb:11
  [1m[36mCountry Load (0.3ms)[0m  [1m[34mSELECT  "countries".* FROM "countries" ORDER BY "countries"."id" ASC LIMIT $1[0m  [["LIMIT", 1]]
  ↳ db/seeds.rb:18
  [1m[36mCountry Load (0.2ms)[0m  [1m[34mSELECT  "countries".* FROM "countries" ORDER BY "countries"."id" ASC LIMIT $1[0m  [["LIMIT", 1]]
  ↳ db/seeds.rb:19
  [1m[36mCountry Load (0.2ms)[0m  [1m[34mSELECT  "countries".* FROM "countries" ORDER BY "countries"."id" ASC LIMIT $1 OFFSET $2[0m  [["LIMIT", 1], ["OFFSET", 1]]
  ↳ db/seeds.rb:20
  [1m[36mCountry Load (0.2ms)[0m  [1m[34mSELECT  "countries".* FROM "countries" ORDER BY "countries"."id" ASC LIMIT $1 OFFSET $2[0m  [["LIMIT", 1], ["OFFSET", 1]]
  ↳ db/seeds.rb:21
  [1m[36mCountry Load (0.2ms)[0m  [1m[34mSELECT  "countries".* FROM "countries" ORDER BY "countries"."id" ASC LIMIT $1 OFFSET $2[0m  [["LIMIT", 1], ["OFFSET", 2]]
  ↳ db/seeds.rb:22
  [1m[36mCountry Load (0.2ms)[0m  [1m[34mSELECT  "countries".* FROM "countries" ORDER BY "countries"."id" ASC LIMIT $1 OFFSET $2[0m  [["LIMIT", 1], ["OFFSET", 2]]
  ↳ db/seeds.rb:23
  [1m[35m (0.2ms)[0m  [1m[35mBEGIN[0m
  ↳ db/seeds.rb:17
  [1m[35m (0.2ms)[0m  [1m[31mROLLBACK[0m
  ↳ db/seeds.rb:17
  [1m[35m (0.1ms)[0m  [1m[35mBEGIN[0m
  ↳ db/seeds.rb:17
  [1m[35m (0.1ms)[0m  [1m[31mROLLBACK[0m
  ↳ db/seeds.rb:17
  [1m[35m (0.1ms)[0m  [1m[35mBEGIN[0m
  ↳ db/seeds.rb:17
  [1m[35m (0.1ms)[0m  [1m[31mROLLBACK[0m
  ↳ db/seeds.rb:17
  [1m[35m (0.1ms)[0m  [1m[35mBEGIN[0m
  ↳ db/seeds.rb:17
  [1m[35m (0.1ms)[0m  [1m[31mROLLBACK[0m
  ↳ db/seeds.rb:17
  [1m[35m (0.1ms)[0m  [1m[35mBEGIN[0m
  ↳ db/seeds.rb:17
  [1m[35m (0.1ms)[0m  [1m[31mROLLBACK[0m
  ↳ db/seeds.rb:17
  [1m[35m (0.1ms)[0m  [1m[35mBEGIN[0m
  ↳ db/seeds.rb:17
  [1m[35m (0.1ms)[0m  [1m[31mROLLBACK[0m
  ↳ db/seeds.rb:17
  [1m[35m (0.1ms)[0m  [1m[35mBEGIN[0m
  ↳ db/seeds.rb:26
  [1m[36mRoom Create (0.4ms)[0m  [1m[32mINSERT INTO "rooms" ("created_at", "updated_at") VALUES ($1, $2) RETURNING "id"[0m  [["created_at", "2019-03-04 15:01:40.680534"], ["updated_at", "2019-03-04 15:01:40.680534"]]
  ↳ db/seeds.rb:26
  [1m[35m (0.4ms)[0m  [1m[35mCOMMIT[0m
  ↳ db/seeds.rb:26
  [1m[36mRoom Load (0.2ms)[0m  [1m[34mSELECT  "rooms".* FROM "rooms" ORDER BY "rooms"."id" ASC LIMIT $1[0m  [["LIMIT", 1]]
  ↳ db/seeds.rb:28
  [1m[35m (0.1ms)[0m  [1m[35mBEGIN[0m
  ↳ db/seeds.rb:28
  [1m[36mGame Create (0.4ms)[0m  [1m[32mINSERT INTO "games" ("room_id", "started", "created_at", "updated_at") VALUES ($1, $2, $3, $4) RETURNING "id"[0m  [["room_id", 2], ["started", false], ["created_at", "2019-03-04 15:01:40.684409"], ["updated_at", "2019-03-04 15:01:40.684409"]]
  ↳ db/seeds.rb:28
  [1m[35m (0.5ms)[0m  [1m[35mCOMMIT[0m
  ↳ db/seeds.rb:28
  [1m[36mGame Load (0.3ms)[0m  [1m[34mSELECT  "games".* FROM "games" ORDER BY "games"."id" ASC LIMIT $1[0m  [["LIMIT", 1]]
  ↳ db/seeds.rb:31
  [1m[36mGame Load (0.2ms)[0m  [1m[34mSELECT  "games".* FROM "games" ORDER BY "games"."id" ASC LIMIT $1[0m  [["LIMIT", 1]]
  ↳ db/seeds.rb:32
  [1m[36mGame Load (0.2ms)[0m  [1m[34mSELECT  "games".* FROM "games" ORDER BY "games"."id" ASC LIMIT $1[0m  [["LIMIT", 1]]
  ↳ db/seeds.rb:33
  [1m[36mGame Load (0.2ms)[0m  [1m[34mSELECT  "games".* FROM "games" ORDER BY "games"."id" ASC LIMIT $1[0m  [["LIMIT", 1]]
  ↳ db/seeds.rb:34
  [1m[35m (0.1ms)[0m  [1m[35mBEGIN[0m
  ↳ db/seeds.rb:30
  [1m[36mUser Create (0.5ms)[0m  [1m[32mINSERT INTO "users" ("name", "game_id", "score", "created_at", "updated_at") VALUES ($1, $2, $3, $4, $5) RETURNING "id"[0m  [["name", "Chris"], ["game_id", 2], ["score", 0], ["created_at", "2019-03-04 15:01:40.690761"], ["updated_at", "2019-03-04 15:01:40.690761"]]
  ↳ db/seeds.rb:30
  [1m[35m (0.4ms)[0m  [1m[35mCOMMIT[0m
  ↳ db/seeds.rb:30
  [1m[35m (0.1ms)[0m  [1m[35mBEGIN[0m
  ↳ db/seeds.rb:30
  [1m[36mUser Create (0.4ms)[0m  [1m[32mINSERT INTO "users" ("name", "game_id", "score", "created_at", "updated_at") VALUES ($1, $2, $3, $4, $5) RETURNING "id"[0m  [["name", "Joey"], ["game_id", 2], ["score", 0], ["created_at", "2019-03-04 15:01:40.693460"], ["updated_at", "2019-03-04 15:01:40.693460"]]
  ↳ db/seeds.rb:30
  [1m[35m (0.4ms)[0m  [1m[35mCOMMIT[0m
  ↳ db/seeds.rb:30
  [1m[35m (0.1ms)[0m  [1m[35mBEGIN[0m
  ↳ db/seeds.rb:30
  [1m[36mUser Create (0.3ms)[0m  [1m[32mINSERT INTO "users" ("name", "game_id", "score", "created_at", "updated_at") VALUES ($1, $2, $3, $4, $5) RETURNING "id"[0m  [["name", "Shane"], ["game_id", 2], ["score", 0], ["created_at", "2019-03-04 15:01:40.695748"], ["updated_at", "2019-03-04 15:01:40.695748"]]
  ↳ db/seeds.rb:30
  [1m[35m (0.4ms)[0m  [1m[35mCOMMIT[0m
  ↳ db/seeds.rb:30
  [1m[35m (0.1ms)[0m  [1m[35mBEGIN[0m
  ↳ db/seeds.rb:30
  [1m[36mUser Create (0.4ms)[0m  [1m[32mINSERT INTO "users" ("name", "game_id", "score", "created_at", "updated_at") VALUES ($1, $2, $3, $4, $5) RETURNING "id"[0m  [["name", "Matt"], ["game_id", 2], ["score", 0], ["created_at", "2019-03-04 15:01:40.698194"], ["updated_at", "2019-03-04 15:01:40.698194"]]
  ↳ db/seeds.rb:30
  [1m[35m (0.4ms)[0m  [1m[35mCOMMIT[0m
  ↳ db/seeds.rb:30
  [1m[36mGame Load (0.3ms)[0m  [1m[34mSELECT  "games".* FROM "games" ORDER BY "games"."id" ASC LIMIT $1[0m  [["LIMIT", 1]]
  ↳ db/seeds.rb:37
  [1m[36mQuestion Load (0.2ms)[0m  [1m[34mSELECT  "questions".* FROM "questions" ORDER BY "questions"."id" ASC LIMIT $1[0m  [["LIMIT", 1]]
  ↳ db/seeds.rb:37
  [1m[35m (0.2ms)[0m  [1m[35mBEGIN[0m
  ↳ db/seeds.rb:37
  [1m[36mRound Create (0.9ms)[0m  [1m[32mINSERT INTO "rounds" ("game_id", "created_at", "updated_at") VALUES ($1, $2, $3) RETURNING "id"[0m  [["game_id", 2], ["created_at", "2019-03-04 15:01:40.714875"], ["updated_at", "2019-03-04 15:01:40.714875"]]
  ↳ db/seeds.rb:37
  [1m[35m (0.3ms)[0m  [1m[35mCOMMIT[0m
  ↳ db/seeds.rb:37
  [1m[36mCountry Load (0.6ms)[0m  [1m[34mSELECT  "countries".* FROM "countries" LIMIT $1[0m  [["LIMIT", 11]]
  [1m[36mCountry Load (0.7ms)[0m  [1m[34mSELECT  "countries".* FROM "countries" ORDER BY "countries"."id" ASC LIMIT $1[0m  [["LIMIT", 1]]
  [1m[36mCountry Load (0.7ms)[0m  [1m[34mSELECT  "countries".* FROM "countries" ORDER BY "countries"."id" ASC LIMIT $1[0m  [["LIMIT", 1]]
  [1m[36mQuestion Load (0.7ms)[0m  [1m[34mSELECT  "questions".* FROM "questions" WHERE "questions"."country_id" = $1 LIMIT $2[0m  [["country_id", 4], ["LIMIT", 11]]
